#
# A fatal error has been detected by the Java Runtime Environment:
#
#  EXCEPTION_ACCESS_VIOLATION (0xc0000005) at pc=0x000000005e48fa48, pid=2128, tid=5404
#
# JRE version: 7.0_13-b20
# Java VM: Java HotSpot(TM) 64-Bit Server VM (23.7-b01 mixed mode windows-amd64 compressed oops)
# Problematic frame:
# V  [jvm.dll+0x10fa48]
#
# Failed to write core dump. Minidumps are not enabled by default on client versions of Windows
#
# If you would like to submit a bug report, please visit:
#   http://bugreport.sun.com/bugreport/crash.jsp
#

---------------  T H R E A D  ---------------

Current thread (0x0000000014f02000):  JavaThread "Rengine Thread" daemon [_thread_in_vm, id=5404, stack(0x0000000015700000,0x0000000016700000)]

siginfo: ExceptionCode=0xc0000005, reading address 0x0000000000000000

Registers:
RAX=0x0000000000000000, RBX=0x0000000014f02000, RCX=0x0000000000000200, RDX=0x0000000000000000
RSP=0x00000000166f5ff0, RBP=0x0000000000000000, RSI=0x00000000166f60d8, RDI=0x0000000014f021d8
R8 =0x0000000000000000, R9 =0x0000000012f07bb8, R10=0x000000005e9dab90, R11=0x0000000012fd3e90
R12=0x00000000003b0788, R13=0x00000000003c9dc8, R14=0x0000000000000000, R15=0x000000002ed22b30
RIP=0x000000005e48fa48, EFLAGS=0x0000000000010246

Top of Stack: (sp=0x00000000166f5ff0)
0x00000000166f5ff0:   41dfffffffc00000 0000000000000000
0x00000000166f6000:   0000000000000001 000000002ed22b30
0x00000000166f6010:   00000000003b0788 000000002aa48180
0x00000000166f6020:   0000000000000001 000000000000000c
0x00000000166f6030:   00000000003c9dc8 0000000014f02000
0x00000000166f6040:   0000000000000000 000000006c729a11
0x00000000166f6050:   0000000013047680 000000002ed22b30
0x00000000166f6060:   0000000000000000 00000000003c9dc8
0x00000000166f6070:   0000000000000001 0000000064087e5e
0x00000000166f6080:   0000000064081590 0000000000000001
0x00000000166f6090:   00000000003b0788 0000000000000000
0x00000000166f60a0:   0000000000000001 0000000000000000
0x00000000166f60b0:   0000000012f07bb8 0000000064084c36
0x00000000166f60c0:   0000000012f07bb8 000000002ed22b30
0x00000000166f60d0:   0000000000000000 0000000012f07bb8
0x00000000166f60e0:   0000000000000001 0000000064081668 

Instructions: (pc=0x000000005e48fa48)
0x000000005e48fa28:   4c 24 48 e8 e0 16 0f 00 48 8b 84 24 e0 00 00 00
0x000000005e48fa38:   c7 44 24 38 0c 00 00 00 48 8d b4 24 e8 00 00 00
0x000000005e48fa48:   48 8b 08 48 89 74 24 30 48 8b 41 10 48 8b 49 18
0x000000005e48fa58:   0f b7 50 42 e8 2f c6 ef ff 48 8d 4c 24 68 48 8b 


Register to memory mapping:

RAX=0x0000000000000000 is an unknown value
RBX=0x0000000014f02000 is a thread
RCX=0x0000000000000200 is an unknown value
RDX=0x0000000000000000 is an unknown value
RSP=0x00000000166f5ff0 is pointing into the stack for thread: 0x0000000014f02000
RBP=0x0000000000000000 is an unknown value
RSI=0x00000000166f60d8 is pointing into the stack for thread: 0x0000000014f02000
RDI=0x0000000014f021d8 is an unknown value
R8 =0x0000000000000000 is an unknown value
R9 =0x0000000012f07bb8 is an unknown value
R10=0x000000005e9dab90 is an unknown value
R11=0x0000000012fd3e90 is an unknown value
R12=0x00000000003b0788 is an unknown value
R13=0x00000000003c9dc8 is an unknown value
R14=0x0000000000000000 is an unknown value
R15=0x000000002ed22b30 is an unknown value


Stack: [0x0000000015700000,0x0000000016700000],  sp=0x00000000166f5ff0,  free space=16343k
Native frames: (J=compiled Java code, j=interpreted, Vv=VM code, C=native code)
V  [jvm.dll+0x10fa48]

[error occurred during error reporting (printing native stack), id 0xc0000005]

Java frames: (J=compiled Java code, j=interpreted, Vv=VM code)
j  org.rosuda.JRI.Rengine.rniRunMainLoop()V+0
j  org.rosuda.JRI.Rengine.run()V+81
v  ~StubRoutines::call_stub

---------------  P R O C E S S  ---------------

Java Threads: ( => current thread )
  0x0000000013095800 JavaThread "RMI TCP Connection(206)-127.0.0.1" daemon [_thread_blocked, id=2816, stack(0x000000002f810000,0x000000002f910000)]
=>0x0000000014f02000 JavaThread "Rengine Thread" daemon [_thread_in_vm, id=5404, stack(0x0000000015700000,0x0000000016700000)]
  0x00000000003ed800 JavaThread "DestroyJavaVM" [_thread_blocked, id=3164, stack(0x0000000002a30000,0x0000000002b30000)]
  0x00000000130ba000 JavaThread "RMI Scheduler(0)" daemon [_thread_blocked, id=5044, stack(0x0000000014810000,0x0000000014910000)]
  0x000000001302c000 JavaThread "GC Daemon" daemon [_thread_blocked, id=6576, stack(0x0000000014a70000,0x0000000014b70000)]
  0x000000001302b000 JavaThread "RMI Reaper" [_thread_blocked, id=5572, stack(0x0000000014970000,0x0000000014a70000)]
  0x0000000012f46000 JavaThread "RMI TCP Accept-0" daemon [_thread_in_native, id=5972, stack(0x0000000014710000,0x0000000014810000)]
  0x0000000012f05800 JavaThread "AWT-Windows" daemon [_thread_in_native, id=6344, stack(0x00000000132d0000,0x00000000133d0000)]
  0x0000000012f04000 JavaThread "Java2D Disposer" daemon [_thread_blocked, id=6240, stack(0x00000000131b0000,0x00000000132b0000)]
  0x0000000011178000 JavaThread "Service Thread" daemon [_thread_blocked, id=3988, stack(0x0000000012c20000,0x0000000012d20000)]
  0x000000001116f800 JavaThread "C2 CompilerThread1" daemon [_thread_blocked, id=3336, stack(0x0000000012ab0000,0x0000000012bb0000)]
  0x0000000011169800 JavaThread "C2 CompilerThread0" daemon [_thread_blocked, id=7092, stack(0x00000000124e0000,0x00000000125e0000)]
  0x0000000011168800 JavaThread "Attach Listener" daemon [_thread_blocked, id=7032, stack(0x0000000012850000,0x0000000012950000)]
  0x0000000011161800 JavaThread "Signal Dispatcher" daemon [_thread_blocked, id=2104, stack(0x0000000012710000,0x0000000012810000)]
  0x0000000002819800 JavaThread "Finalizer" daemon [_thread_blocked, id=2336, stack(0x0000000012610000,0x0000000012710000)]
  0x0000000002812800 JavaThread "Reference Handler" daemon [_thread_blocked, id=3876, stack(0x0000000012380000,0x0000000012480000)]

Other Threads:
  0x00000000110e2800 VMThread [stack: 0x00000000121b0000,0x00000000122b0000] [id=3692]
  0x0000000011183000 WatcherThread [stack: 0x00000000129b0000,0x0000000012ab0000] [id=2872]

VM state:not at safepoint (normal execution)

VM Mutex/Monitor currently owned by a thread: None

Heap
 PSYoungGen      total 75200K, used 20624K [0x00000007ac160000, 0x00000007b1540000, 0x0000000800000000)
  eden space 64512K, 31% used [0x00000007ac160000,0x00000007ad584388,0x00000007b0060000)
  from space 10688K, 0% used [0x00000007b0ad0000,0x00000007b0ad0000,0x00000007b1540000)
  to   space 10688K, 0% used [0x00000007b0060000,0x00000007b0060000,0x00000007b0ad0000)
 ParOldGen       total 171840K, used 2868K [0x0000000704400000, 0x000000070ebd0000, 0x00000007ac160000)
  object space 171840K, 1% used [0x0000000704400000,0x00000007046cd0c0,0x000000070ebd0000)
 PSPermGen       total 26048K, used 16148K [0x00000006ff200000, 0x0000000700b70000, 0x0000000704400000)
  object space 26048K, 61% used [0x00000006ff200000,0x00000007001c5140,0x0000000700b70000)

Card table byte_map: [0x0000000005b30000,0x0000000006340000] byte_map_base: 0x0000000002337000

Polling page: 0x0000000000340000

Code Cache  [0x0000000002b30000, 0x0000000002da0000, 0x0000000005b30000)
 total_blobs=726 nmethods=171 adapters=506 free_code_cache=48032Kb largest_free_block=49156800

Compilation events (10 events):
Event: 7564.967 Thread 0x0000000011169800  161             java.io.PushbackInputStream::read (42 bytes)
Event: 7564.967 Thread 0x000000001116f800  162             java.io.PushbackInputStream::ensureOpen (18 bytes)
Event: 7564.968 Thread 0x000000001116f800 nmethod 162 0x0000000002c411d0 code [0x0000000002c41300, 0x0000000002c41378]
Event: 7564.970 Thread 0x0000000011169800 nmethod 161 0x0000000002bec1d0 code [0x0000000002bec320, 0x0000000002bec678]
Event: 7564.973 Thread 0x000000001116f800   11 %           com.sun.crypto.provider.AESCrypt::<clinit> @ 724 (1577 bytes)
Event: 7565.081 Thread 0x000000001116f800 nmethod 11% 0x0000000002c49d90 code [0x0000000002c4a0c0, 0x0000000002c4cb68]
Event: 7565.191 Thread 0x0000000011169800  163             sun.security.provider.DigestBase::engineUpdate (188 bytes)
Event: 7565.196 Thread 0x0000000011169800 nmethod 163 0x0000000002be4dd0 code [0x0000000002be4f60, 0x0000000002be53f0]
Event: 7565.714 Thread 0x000000001116f800  164             java.io.ByteArrayOutputStream::ensureCapacity (16 bytes)
Event: 7565.714 Thread 0x000000001116f800 nmethod 164 0x0000000002be3610 code [0x0000000002be3760, 0x0000000002be3808]

GC Heap History (10 events):
Event: 1944.204 GC heap before
{Heap before GC invocations=3 (full 1):
 PSYoungGen      total 75200K, used 64512K [0x00000007ac160000, 0x00000007b1540000, 0x0000000800000000)
  eden space 64512K, 100% used [0x00000007ac160000,0x00000007b0060000,0x00000007b0060000)
  from space 10688K, 0% used [0x00000007b0060000,0x00000007b0060000,0x00000007b0ad0000)
  to   space 10688K, 0% used [0x00000007b0ad0000,0x00000007b0ad0000,0x00000007b1540000)
 ParOldGen       total 171840K, used 1606K [0x0000000704400000, 0x000000070ebd0000, 0x00000007ac160000)
  object space 171840K, 0% used [0x0000000704400000,0x0000000704591810,0x000000070ebd0000)
 PSPermGen       total 21248K, used 11930K [0x00000006ff200000, 0x00000007006c0000, 0x0000000704400000)
  object space 21248K, 56% used [0x00000006ff200000,0x00000006ffda6978,0x00000007006c0000)
Event: 1944.211 GC heap after
Heap after GC invocations=3 (full 1):
 PSYoungGen      total 75200K, used 2124K [0x00000007ac160000, 0x00000007b1540000, 0x0000000800000000)
  eden space 64512K, 0% used [0x00000007ac160000,0x00000007ac160000,0x00000007b0060000)
  from space 10688K, 19% used [0x00000007b0ad0000,0x00000007b0ce3088,0x00000007b1540000)
  to   space 10688K, 0% used [0x00000007b0060000,0x00000007b0060000,0x00000007b0ad0000)
 ParOldGen       total 171840K, used 1606K [0x0000000704400000, 0x000000070ebd0000, 0x00000007ac160000)
  object space 171840K, 0% used [0x0000000704400000,0x0000000704591810,0x000000070ebd0000)
 PSPermGen       total 21248K, used 11930K [0x00000006ff200000, 0x00000007006c0000, 0x0000000704400000)
  object space 21248K, 56% used [0x00000006ff200000,0x00000006ffda6978,0x00000007006c0000)
}
Event: 3600.967 GC heap before
{Heap before GC invocations=4 (full 1):
 PSYoungGen      total 75200K, used 41239K [0x00000007ac160000, 0x00000007b1540000, 0x0000000800000000)
  eden space 64512K, 60% used [0x00000007ac160000,0x00000007ae792cc8,0x00000007b0060000)
  from space 10688K, 19% used [0x00000007b0ad0000,0x00000007b0ce3088,0x00000007b1540000)
  to   space 10688K, 0% used [0x00000007b0060000,0x00000007b0060000,0x00000007b0ad0000)
 ParOldGen       total 171840K, used 1606K [0x0000000704400000, 0x000000070ebd0000, 0x00000007ac160000)
  object space 171840K, 0% used [0x0000000704400000,0x0000000704591810,0x000000070ebd0000)
 PSPermGen       total 21248K, used 14119K [0x00000006ff200000, 0x00000007006c0000, 0x0000000704400000)
  object space 21248K, 66% used [0x00000006ff200000,0x00000006fffc9fd8,0x00000007006c0000)
Event: 3600.972 GC heap after
Heap after GC invocations=4 (full 1):
 PSYoungGen      total 75200K, used 3175K [0x00000007ac160000, 0x00000007b1540000, 0x0000000800000000)
  eden space 64512K, 0% used [0x00000007ac160000,0x00000007ac160000,0x00000007b0060000)
  from space 10688K, 29% used [0x00000007b0060000,0x00000007b0379e40,0x00000007b0ad0000)
  to   space 10688K, 0% used [0x00000007b0ad0000,0x00000007b0ad0000,0x00000007b1540000)
 ParOldGen       total 171840K, used 1606K [0x0000000704400000, 0x000000070ebd0000, 0x00000007ac160000)
  object space 171840K, 0% used [0x0000000704400000,0x0000000704591810,0x000000070ebd0000)
 PSPermGen       total 21248K, used 14119K [0x00000006ff200000, 0x00000007006c0000, 0x0000000704400000)
  object space 21248K, 66% used [0x00000006ff200000,0x00000006fffc9fd8,0x00000007006c0000)
}
Event: 3600.972 GC heap before
{Heap before GC invocations=5 (full 2):
 PSYoungGen      total 75200K, used 3175K [0x00000007ac160000, 0x00000007b1540000, 0x0000000800000000)
  eden space 64512K, 0% used [0x00000007ac160000,0x00000007ac160000,0x00000007b0060000)
  from space 10688K, 29% used [0x00000007b0060000,0x00000007b0379e40,0x00000007b0ad0000)
  to   space 10688K, 0% used [0x00000007b0ad0000,0x00000007b0ad0000,0x00000007b1540000)
 ParOldGen       total 171840K, used 1606K [0x0000000704400000, 0x000000070ebd0000, 0x00000007ac160000)
  object space 171840K, 0% used [0x0000000704400000,0x0000000704591810,0x000000070ebd0000)
 PSPermGen       total 21248K, used 14119K [0x00000006ff200000, 0x00000007006c0000, 0x0000000704400000)
  object space 21248K, 66% used [0x00000006ff200000,0x00000006fffc9fd8,0x00000007006c0000)
Event: 3601.005 GC heap after
Heap after GC invocations=5 (full 2):
 PSYoungGen      total 75200K, used 0K [0x00000007ac160000, 0x00000007b1540000, 0x0000000800000000)
  eden space 64512K, 0% used [0x00000007ac160000,0x00000007ac160000,0x00000007b0060000)
  from space 10688K, 0% used [0x00000007b0060000,0x00000007b0060000,0x00000007b0ad0000)
  to   space 10688K, 0% used [0x00000007b0ad0000,0x00000007b0ad0000,0x00000007b1540000)
 ParOldGen       total 171840K, used 4117K [0x0000000704400000, 0x000000070ebd0000, 0x00000007ac160000)
  object space 171840K, 2% used [0x0000000704400000,0x00000007048054a0,0x000000070ebd0000)
 PSPermGen       total 24512K, used 14117K [0x00000006ff200000, 0x00000007009f0000, 0x0000000704400000)
  object space 24512K, 57% used [0x00000006ff200000,0x00000006fffc97a0,0x00000007009f0000)
}
Event: 7201.006 GC heap before
{Heap before GC invocations=6 (full 2):
 PSYoungGen      total 75200K, used 60365K [0x00000007ac160000, 0x00000007b1540000, 0x0000000800000000)
  eden space 64512K, 93% used [0x00000007ac160000,0x00000007afc53588,0x00000007b0060000)
  from space 10688K, 0% used [0x00000007b0060000,0x00000007b0060000,0x00000007b0ad0000)
  to   space 10688K, 0% used [0x00000007b0ad0000,0x00000007b0ad0000,0x00000007b1540000)
 ParOldGen       total 171840K, used 4117K [0x0000000704400000, 0x000000070ebd0000, 0x00000007ac160000)
  object space 171840K, 2% used [0x0000000704400000,0x00000007048054a0,0x000000070ebd0000)
 PSPermGen       total 24512K, used 14434K [0x00000006ff200000, 0x00000007009f0000, 0x0000000704400000)
  object space 24512K, 58% used [0x00000006ff200000,0x0000000700018ba8,0x00000007009f0000)
Event: 7201.007 GC heap after
Heap after GC invocations=6 (full 2):
 PSYoungGen      total 75200K, used 592K [0x00000007ac160000, 0x00000007b1540000, 0x0000000800000000)
  eden space 64512K, 0% used [0x00000007ac160000,0x00000007ac160000,0x00000007b0060000)
  from space 10688K, 5% used [0x00000007b0ad0000,0x00000007b0b64020,0x00000007b1540000)
  to   space 10688K, 0% used [0x00000007b0060000,0x00000007b0060000,0x00000007b0ad0000)
 ParOldGen       total 171840K, used 4117K [0x0000000704400000, 0x000000070ebd0000, 0x00000007ac160000)
  object space 171840K, 2% used [0x0000000704400000,0x00000007048054a0,0x000000070ebd0000)
 PSPermGen       total 24512K, used 14434K [0x00000006ff200000, 0x00000007009f0000, 0x0000000704400000)
  object space 24512K, 58% used [0x00000006ff200000,0x0000000700018ba8,0x00000007009f0000)
}
Event: 7201.007 GC heap before
{Heap before GC invocations=7 (full 3):
 PSYoungGen      total 75200K, used 592K [0x00000007ac160000, 0x00000007b1540000, 0x0000000800000000)
  eden space 64512K, 0% used [0x00000007ac160000,0x00000007ac160000,0x00000007b0060000)
  from space 10688K, 5% used [0x00000007b0ad0000,0x00000007b0b64020,0x00000007b1540000)
  to   space 10688K, 0% used [0x00000007b0060000,0x00000007b0060000,0x00000007b0ad0000)
 ParOldGen       total 171840K, used 4117K [0x0000000704400000, 0x000000070ebd0000, 0x00000007ac160000)
  object space 171840K, 2% used [0x0000000704400000,0x00000007048054a0,0x000000070ebd0000)
 PSPermGen       total 24512K, used 14434K [0x00000006ff200000, 0x00000007009f0000, 0x0000000704400000)
  object space 24512K, 58% used [0x00000006ff200000,0x0000000700018ba8,0x00000007009f0000)
Event: 7201.053 GC heap after
Heap after GC invocations=7 (full 3):
 PSYoungGen      total 75200K, used 0K [0x00000007ac160000, 0x00000007b1540000, 0x0000000800000000)
  eden space 64512K, 0% used [0x00000007ac160000,0x00000007ac160000,0x00000007b0060000)
  from space 10688K, 0% used [0x00000007b0ad0000,0x00000007b0ad0000,0x00000007b1540000)
  to   space 10688K, 0% used [0x00000007b0060000,0x00000007b0060000,0x00000007b0ad0000)
 ParOldGen       total 171840K, used 2868K [0x0000000704400000, 0x000000070ebd0000, 0x00000007ac160000)
  object space 171840K, 1% used [0x0000000704400000,0x00000007046cd0c0,0x000000070ebd0000)
 PSPermGen       total 26048K, used 14404K [0x00000006ff200000, 0x0000000700b70000, 0x0000000704400000)
  object space 26048K, 55% used [0x00000006ff200000,0x00000007000111b8,0x0000000700b70000)
}

Deoptimization events (10 events):
Event: 7564.833 Thread 0x0000000014f02000 Uncommon trap -34 fr.pc 0x0000000002bb5bbc
Event: 7565.184 Thread 0x0000000014f02000 Uncommon trap -34 fr.pc 0x0000000002bed1b0
Event: 7565.185 Thread 0x0000000014f02000 Uncommon trap -34 fr.pc 0x0000000002bed1b0
Event: 7565.188 Thread 0x0000000014f02000 Uncommon trap -34 fr.pc 0x0000000002bed1b0
Event: 7565.190 Thread 0x0000000014f02000 Uncommon trap -34 fr.pc 0x0000000002bed1b0
Event: 7565.195 Thread 0x0000000014f02000 Uncommon trap -83 fr.pc 0x0000000002c42768
Event: 7565.719 Thread 0x0000000013095800 Uncommon trap -34 fr.pc 0x0000000002c4166c
Event: 7565.720 Thread 0x0000000013095800 Uncommon trap -34 fr.pc 0x0000000002c4166c
Event: 7565.721 Thread 0x0000000013095800 Uncommon trap -34 fr.pc 0x0000000002c4166c
Event: 7565.721 Thread 0x0000000013095800 Uncommon trap -34 fr.pc 0x0000000002c4166c

Internal exceptions (10 events):
Event: 7565.710 Thread 0x0000000014f02000 Threw 0x00000007ad401ff0 at C:\jdk7u2_64p\jdk7u13\hotspot\src\share\vm\prims\jvm.cpp:1166
Event: 7565.710 Thread 0x0000000014f02000 Threw 0x00000007ad402a38 at C:\jdk7u2_64p\jdk7u13\hotspot\src\share\vm\prims\jvm.cpp:1166
Event: 7565.714 Thread 0x0000000014f02000 Threw 0x00000007ad419750 at C:\jdk7u2_64p\jdk7u13\hotspot\src\share\vm\prims\jvm.cpp:1166
Event: 7565.714 Thread 0x0000000014f02000 Threw 0x00000007ad41a148 at C:\jdk7u2_64p\jdk7u13\hotspot\src\share\vm\prims\jvm.cpp:1166
Event: 7565.716 Thread 0x0000000014f02000 Threw 0x00000007ad42d398 at C:\jdk7u2_64p\jdk7u13\hotspot\src\share\vm\prims\jvm.cpp:1166
Event: 7565.716 Thread 0x0000000014f02000 Threw 0x00000007ad42dcb0 at C:\jdk7u2_64p\jdk7u13\hotspot\src\share\vm\prims\jvm.cpp:1166
Event: 7565.716 Thread 0x0000000014f02000 Threw 0x00000007ad432358 at C:\jdk7u2_64p\jdk7u13\hotspot\src\share\vm\prims\jvm.cpp:1166
Event: 7565.716 Thread 0x0000000014f02000 Threw 0x00000007ad432be0 at C:\jdk7u2_64p\jdk7u13\hotspot\src\share\vm\prims\jvm.cpp:1166
Event: 7594.849 Thread 0x0000000014f02000 Threw 0x00000007ad4b1428 at C:\jdk7u2_64p\jdk7u13\hotspot\src\share\vm\prims\jvm.cpp:1166
Event: 7594.849 Thread 0x0000000014f02000 Threw 0x00000007ad4b1fe0 at C:\jdk7u2_64p\jdk7u13\hotspot\src\share\vm\prims\jvm.cpp:1166

Events (10 events):
Event: 7589.153 Executing VM operation: RevokeBias done
Event: 7589.153 Thread 0x0000000013095000 Thread exited: 0x0000000013095000
Event: 7592.968 Thread 0x0000000013095000 Thread added: 0x0000000013095000
Event: 7593.968 Executing VM operation: RevokeBias
Event: 7593.969 Executing VM operation: RevokeBias done
Event: 7593.969 Thread 0x0000000013095000 Thread exited: 0x0000000013095000
Event: 7594.849 loading class 0x0000000015487da0
Event: 7594.849 loading class 0x0000000015487da0 done
Event: 7594.850 loading class 0x0000000012e2d040
Event: 7594.850 loading class 0x0000000012e2d040 done


Dynamic libraries:
0x000000013f280000 - 0x000000013f2b3000 	C:\Program Files\Java\jre7\bin\javaw.exe
0x0000000077340000 - 0x00000000774e9000 	C:\Windows\SYSTEM32\ntdll.dll
0x0000000077120000 - 0x000000007723f000 	C:\Windows\system32\kernel32.dll
0x000007fefd510000 - 0x000007fefd57b000 	C:\Windows\system32\KERNELBASE.dll
0x000007fefd660000 - 0x000007fefd73b000 	C:\Windows\system32\ADVAPI32.dll
0x000007fefda00000 - 0x000007fefda9f000 	C:\Windows\system32\msvcrt.dll
0x000007fefd840000 - 0x000007fefd85f000 	C:\Windows\SYSTEM32\sechost.dll
0x000007feff430000 - 0x000007feff55d000 	C:\Windows\system32\RPCRT4.dll
0x0000000077240000 - 0x000000007733a000 	C:\Windows\system32\USER32.dll
0x000007fefd990000 - 0x000007fefd9f7000 	C:\Windows\system32\GDI32.dll
0x000007fefe3e0000 - 0x000007fefe3ee000 	C:\Windows\system32\LPK.dll
0x000007fefe2b0000 - 0x000007fefe379000 	C:\Windows\system32\USP10.dll
0x000007fefb990000 - 0x000007fefbb84000 	C:\Windows\WinSxS\amd64_microsoft.windows.common-controls_6595b64144ccf1df_6.0.7601.17514_none_fa396087175ac9ac\COMCTL32.dll
0x000007fefd7c0000 - 0x000007fefd831000 	C:\Windows\system32\SHLWAPI.dll
0x000007fefd790000 - 0x000007fefd7be000 	C:\Windows\system32\IMM32.DLL
0x000007fefdc80000 - 0x000007fefdd89000 	C:\Windows\system32\MSCTF.dll
0x0000000075020000 - 0x000000007506e000 	C:\PROGRA~1\Avecto\PRIVIL~1\PGHook.dll
0x000007fefd1d0000 - 0x000007fefd1e7000 	C:\Windows\system32\CRYPTSP.dll
0x000007fefd180000 - 0x000007fefd1c7000 	C:\Windows\system32\rsaenh.dll
0x000007fefd170000 - 0x000007fefd17f000 	C:\Windows\system32\CRYPTBASE.dll
0x0000000077510000 - 0x0000000077517000 	C:\Windows\system32\PSAPI.DLL
0x000000005eaa0000 - 0x000000005eb71000 	C:\Program Files\Java\jre7\bin\msvcr100.dll
0x000000005e380000 - 0x000000005ea9f000 	C:\Program Files\Java\jre7\bin\server\jvm.dll
0x000007fefaf30000 - 0x000007fefaf39000 	C:\Windows\system32\WSOCK32.dll
0x000007fefd740000 - 0x000007fefd78d000 	C:\Windows\system32\WS2_32.dll
0x000007feff640000 - 0x000007feff648000 	C:\Windows\system32\NSI.dll
0x000007fef3080000 - 0x000007fef30bb000 	C:\Windows\system32\WINMM.dll
0x0000000070d20000 - 0x0000000070d2f000 	C:\Program Files\Java\jre7\bin\verify.dll
0x000000006f580000 - 0x000000006f5a8000 	C:\Program Files\Java\jre7\bin\java.dll
0x0000000070d00000 - 0x0000000070d15000 	C:\Program Files\Java\jre7\bin\zip.dll
0x000000006f7f0000 - 0x000000006f809000 	C:\Program Files\Java\jre7\bin\net.dll
0x000007fefcab0000 - 0x000007fefcb05000 	C:\Windows\system32\mswsock.dll
0x000007fefcaa0000 - 0x000007fefcaa7000 	C:\Windows\System32\wship6.dll
0x0000000066630000 - 0x0000000066641000 	C:\Program Files\Java\jre7\bin\nio.dll
0x0000000062d80000 - 0x0000000062da7000 	C:\R\R-3.0.3\library\rj\jri\x64\jri.dll
0x000000006c700000 - 0x000000006cac1000 	C:\R\R-3.0.3\bin\x64\R.dll
0x0000000064e80000 - 0x0000000064eda000 	C:\R\R-3.0.3\bin\x64\Rblas.dll
0x00000000641c0000 - 0x00000000641e5000 	C:\R\R-3.0.3\bin\x64\Riconv.dll
0x0000000063540000 - 0x00000000635b0000 	C:\R\R-3.0.3\bin\x64\Rgraphapp.dll
0x000007fefdd90000 - 0x000007fefde27000 	C:\Windows\system32\comdlg32.dll
0x000007fefe6a0000 - 0x000007feff428000 	C:\Windows\system32\SHELL32.dll
0x000007fefa660000 - 0x000007fefa667000 	C:\Windows\system32\MSIMG32.dll
0x000000006f8c0000 - 0x000000006f8f2000 	C:\R\R-3.0.3\bin\x64\Rzlib.dll
0x000007fefc3e0000 - 0x000007fefc3ec000 	C:\Windows\system32\VERSION.dll
0x000000006cb10000 - 0x000000006cca3000 	C:\Program Files\Java\jre7\bin\awt.dll
0x000007feff560000 - 0x000007feff637000 	C:\Windows\system32\OLEAUT32.dll
0x000007fefe490000 - 0x000007fefe693000 	C:\Windows\system32\ole32.dll
0x000007fefbd20000 - 0x000007fefbd76000 	C:\Windows\system32\uxtheme.dll
0x000007fefb650000 - 0x000007fefb668000 	C:\Windows\system32\dwmapi.dll
0x000007fefc5c0000 - 0x000007fefc5de000 	C:\Windows\system32\USERENV.dll
0x000007fefd290000 - 0x000007fefd29f000 	C:\Windows\system32\profapi.dll
0x000007fefb2b0000 - 0x000007fefb2c5000 	C:\Windows\system32\NLAapi.dll
0x000007fef4090000 - 0x000007fef40a5000 	C:\Windows\system32\napinsp.dll
0x000007fef4070000 - 0x000007fef4089000 	C:\Windows\system32\pnrpnsp.dll
0x000007fefc930000 - 0x000007fefc98b000 	C:\Windows\system32\DNSAPI.dll
0x000007fef4060000 - 0x000007fef406b000 	C:\Windows\System32\winrnr.dll
0x000007fef4050000 - 0x000007fef4060000 	C:\Windows\system32\wshbth.dll
0x000007fefc4b0000 - 0x000007fefc4b7000 	C:\Windows\System32\wshtcpip.dll
0x000007fefaf00000 - 0x000007fefaf27000 	C:\Windows\system32\IPHLPAPI.DLL
0x000007fefaef0000 - 0x000007fefaefb000 	C:\Windows\system32\WINNSI.DLL
0x000007fef2640000 - 0x000007fef2648000 	C:\Windows\system32\rasadhlp.dll
0x000007fefa670000 - 0x000007fefa6c3000 	C:\Windows\System32\fwpuclnt.dll
0x0000000070f50000 - 0x0000000070f57000 	C:\Program Files\Java\jre7\bin\rmi.dll
0x000000006e5c0000 - 0x000000006e5e6000 	C:\R\R-3.0.3\library\utils\libs\x64\utils.dll
0x0000000064a40000 - 0x0000000064a53000 	C:\R\R-3.0.3\library\methods\libs\x64\methods.dll
0x000000006fc80000 - 0x000000006fcd0000 	C:\R\R-3.0.3\library\grDevices\libs\x64\grDevices.dll
0x0000000063740000 - 0x0000000063785000 	C:\R\R-3.0.3\library\graphics\libs\x64\graphics.dll
0x0000000071100000 - 0x000000007119c000 	C:\R\R-3.0.3\library\stats\libs\x64\stats.dll
0x0000000016900000 - 0x0000000016b89000 	C:\R\R-3.0.3\bin\x64\Rlapack.dll
0x0000000014c70000 - 0x0000000014d18000 	C:\Users\mschuemi\.swt\lib\win32\x86_64\swt-win32-4335.dll
0x000007fef3000000 - 0x000007fef3071000 	C:\Windows\system32\WINSPOOL.DRV
0x000007fefd860000 - 0x000007fefd98a000 	C:\Windows\system32\WININET.dll
0x000007fefde30000 - 0x000007fefdfa8000 	C:\Windows\system32\urlmon.dll
0x000007fefd380000 - 0x000007fefd4ec000 	C:\Windows\system32\CRYPT32.dll
0x000007fefd330000 - 0x000007fefd33f000 	C:\Windows\system32\MSASN1.dll
0x000007fefe050000 - 0x000007fefe2ac000 	C:\Windows\system32\iertutil.dll
0x000007fefbf90000 - 0x000007fefc0bc000 	C:\Windows\system32\propsys.dll
0x000007fefdfb0000 - 0x000007fefe049000 	C:\Windows\system32\CLBCatQ.DLL
0x0000000069640000 - 0x0000000069659000 	C:\R\R-3.0.3\library\rj.gd\libs\x64\rj.gd.dll
0x000000006d400000 - 0x000000006d41c000 	C:\R\R-3.0.3\library\tools\libs\x64\tools.dll
0x000000006abc0000 - 0x000000006accf000 	C:\R\R-3.0.3\library\Rcpp\libs\x64\Rcpp.dll
0x000000006e840000 - 0x000000006e8fb000 	C:\R\R-3.0.3\library\SQLRender\libs\x64\SQLRender.dll
0x0000000065700000 - 0x000000006573f000 	C:\R\R-3.0.3\modules\x64\internet.dll
0x0000000064080000 - 0x0000000064096000 	C:\R\R-3.0.3\library\rJava\libs\x64\rJava.dll
0x0000000066600000 - 0x0000000066624000 	C:\Program Files\Java\jre7\bin\sunec.dll
0x000000006f7c0000 - 0x000000006f7cb000 	C:\Program Files\Java\jre7\bin\sunmscapi.dll
0x000000006f620000 - 0x000000006f637000 	C:\Windows\System32\sqljdbc_auth.dll
0x000007fefcf10000 - 0x000007fefcf1b000 	C:\Windows\system32\secur32.dll
0x000007fefd0c0000 - 0x000007fefd0e5000 	C:\Windows\system32\SSPICLI.DLL
0x000007fefc750000 - 0x000007fefc75a000 	C:\Windows\system32\credssp.dll
0x000007fefcb10000 - 0x000007fefcbc4000 	C:\Windows\system32\kerberos.DLL
0x000007fefcda0000 - 0x000007fefcdb4000 	C:\Windows\system32\cryptdll.dll
0x000007fefca40000 - 0x000007fefca91000 	C:\Windows\system32\msv1_0.DLL
0x000007fef8540000 - 0x000007fef8567000 	C:\Windows\system32\ntdsapi.dll
0x000007fefaf50000 - 0x000007fefb075000 	C:\Windows\system32\dbghelp.dll

VM Arguments:
jvm_args: -Djava.security.policy=jar:file:/C:/Program Files/eclipse/plugins/de.walware.rj.server_1.1.3.b201306021645E42sw.jar!/localhost.policy -Djava.rmi.server.hostname=127.0.0.1 -Dfile.encoding=Cp1252 
java_command: de.walware.rj.server.RMIServerControl start rmi://127.0.0.1:51234/rjs-local-1396509735472 -auth=none -embedded -plugins=awt,swt,
Launcher Type: SUN_STANDARD

Environment Variables:
JAVA_HOME=C:\Program Files\Java\jre7
PATH=C:\R\R-3.0.3\bin\x64;C:\Rtools\bin;C:\Rtools\gcc-4.6.3\bin;C:\R\R-3.0.3\bin\x64;C:\oraclejnj\product32\10.2.0\client_1\bin;C:\Program Files (x86)\Intel\iCLS Client\;C:\Program Files\Intel\iCLS Client\;C:\Windows\system32;C:\Windows;C:\Windows\System32\Wbem;C:\Windows\System32\WindowsPowerShell\v1.0\;C:\Program Files\SafeNet\Authentication\SAC\x32;C:\Program Files\SafeNet\Authentication\SAC\x64;C:\Program Files (x86)\Intel\OpenCL SDK\2.0\bin\x86;C:\Program Files (x86)\Intel\OpenCL SDK\2.0\bin\x64;C:\Program Files\Intel\Intel(R) Management Engine Components\DAL;C:\Program Files\Intel\Intel(R) Management Engine Components\IPT;C:\Program Files (x86)\Intel\Intel(R) Management Engine Components\DAL;C:\Program Files (x86)\Intel\Intel(R) Management Engine Components\IPT;C:\Program Files\Intel\WiFi\bin\;C:\Program Files\Common Files\Intel\WirelessCommon\;C:\Program Files (x86)\Common Files\Ulead Systems\MPEG;C:\Program Files\Microsoft SQL Server\110\Tools\Binn\;C:\Program Files\SlikSvn\bin;C:\Program Files (x86)\MiKTeX 2.9\miktex\bin\;C:\Program Files\SafeNet\Authentication\SAC\x32\BSecClient
USERNAME=MSCHUEMI
OS=Windows_NT
PROCESSOR_IDENTIFIER=Intel64 Family 6 Model 58 Stepping 9, GenuineIntel



---------------  S Y S T E M  ---------------

OS: Windows 7 , 64 bit Build 7601 Service Pack 1

CPU:total 4 (2 cores per cpu, 2 threads per core) family 6 model 58 stepping 9, cmov, cx8, fxsr, mmx, sse, sse2, sse3, ssse3, sse4.1, sse4.2, popcnt, avx, ht, tsc, tscinvbit, tscinv

Memory: 4k page, physical 16494552k(10944184k free), swap 24684692k(17606400k free)

vm_info: Java HotSpot(TM) 64-Bit Server VM (23.7-b01) for windows-amd64 JRE (1.7.0_13-b20), built on Jan 30 2013 10:10:00 by "java_re" with unknown MS VC++:1600

time: Thu Apr 03 11:28:50 2014
elapsed time: 7594 seconds

